[2025-02-19T04:47:00.154+0000] {local_task_job_runner.py:123} INFO - ::group::Pre task execution logs
[2025-02-19T04:47:00.188+0000] {taskinstance.py:2614} INFO - Dependencies all met for dep_context=non-requeueable deps ti=<TaskInstance: etl_pipeline_with_tasks.load_to_s3 manual__2025-02-19T04:46:44.942051+00:00 [queued]>
[2025-02-19T04:47:00.204+0000] {taskinstance.py:2614} INFO - Dependencies all met for dep_context=requeueable deps ti=<TaskInstance: etl_pipeline_with_tasks.load_to_s3 manual__2025-02-19T04:46:44.942051+00:00 [queued]>
[2025-02-19T04:47:00.205+0000] {taskinstance.py:2867} INFO - Starting attempt 1 of 2
[2025-02-19T04:47:00.225+0000] {taskinstance.py:2890} INFO - Executing <Task(_PythonDecoratedOperator): load_to_s3> on 2025-02-19 04:46:44.942051+00:00
[2025-02-19T04:47:00.240+0000] {standard_task_runner.py:104} INFO - Running: ['***', 'tasks', 'run', 'etl_pipeline_with_tasks', 'load_to_s3', 'manual__2025-02-19T04:46:44.942051+00:00', '--job-id', '21', '--raw', '--subdir', 'DAGS_FOLDER/etl_pipeline.py', '--cfg-path', '/tmp/tmp1agf6re9']
[2025-02-19T04:47:00.247+0000] {standard_task_runner.py:105} INFO - Job 21: Subtask load_to_s3
[2025-02-19T04:47:00.247+0000] {logging_mixin.py:190} WARNING - /home/***/.local/lib/python3.12/site-packages/***/task/task_runner/standard_task_runner.py:70 DeprecationWarning: This process (pid=484) is multi-threaded, use of fork() may lead to deadlocks in the child.
[2025-02-19T04:47:00.249+0000] {standard_task_runner.py:72} INFO - Started process 490 to run task
[2025-02-19T04:47:00.352+0000] {task_command.py:467} INFO - Running <TaskInstance: etl_pipeline_with_tasks.load_to_s3 manual__2025-02-19T04:46:44.942051+00:00 [running]> on host 27a564c12979
[2025-02-19T04:47:00.823+0000] {taskinstance.py:3134} INFO - Exporting env vars: AIRFLOW_CTX_DAG_OWNER='***' AIRFLOW_CTX_DAG_ID='etl_pipeline_with_tasks' AIRFLOW_CTX_TASK_ID='load_to_s3' AIRFLOW_CTX_EXECUTION_DATE='2025-02-19T04:46:44.942051+00:00' AIRFLOW_CTX_TRY_NUMBER='1' AIRFLOW_CTX_DAG_RUN_ID='manual__2025-02-19T04:46:44.942051+00:00'
[2025-02-19T04:47:00.825+0000] {taskinstance.py:732} INFO - ::endgroup::
[2025-02-19T04:47:00.859+0000] {logging_mixin.py:190} WARNING - /opt/***/dags/etl_pipeline.py:82 FutureWarning: Passing literal json to 'read_json' is deprecated and will be removed in a future version. To read from a literal string, wrap it in a 'StringIO' object.
[2025-02-19T04:47:09.583+0000] {load_s3.py:36} INFO - DataFrame successfully uploaded to s3://datafueler-bucket/Processed_Data/fuel_consumption_data.csv
[2025-02-19T04:47:09.602+0000] {python.py:240} INFO - Done. Returned value was: None
[2025-02-19T04:47:09.626+0000] {taskinstance.py:341} INFO - ::group::Post task execution logs
[2025-02-19T04:47:09.627+0000] {taskinstance.py:353} INFO - Marking task as SUCCESS. dag_id=etl_pipeline_with_tasks, task_id=load_to_s3, run_id=manual__2025-02-19T04:46:44.942051+00:00, execution_date=20250219T044644, start_date=20250219T044700, end_date=20250219T044709
[2025-02-19T04:47:09.693+0000] {local_task_job_runner.py:266} INFO - Task exited with return code 0
[2025-02-19T04:47:09.718+0000] {taskinstance.py:3901} INFO - 0 downstream tasks scheduled from follow-on schedule check
[2025-02-19T04:47:09.721+0000] {local_task_job_runner.py:245} INFO - ::endgroup::
