[2025-02-19T08:35:12.703+0000] {local_task_job_runner.py:123} INFO - ::group::Pre task execution logs
[2025-02-19T08:35:12.727+0000] {taskinstance.py:2614} INFO - Dependencies all met for dep_context=non-requeueable deps ti=<TaskInstance: etl_pipeline_with_tasks.load_to_s3 manual__2025-02-19T08:34:52.481635+00:00 [queued]>
[2025-02-19T08:35:12.741+0000] {taskinstance.py:2614} INFO - Dependencies all met for dep_context=requeueable deps ti=<TaskInstance: etl_pipeline_with_tasks.load_to_s3 manual__2025-02-19T08:34:52.481635+00:00 [queued]>
[2025-02-19T08:35:12.743+0000] {taskinstance.py:2867} INFO - Starting attempt 1 of 2
[2025-02-19T08:35:12.771+0000] {taskinstance.py:2890} INFO - Executing <Task(_PythonDecoratedOperator): load_to_s3> on 2025-02-19 08:34:52.481635+00:00
[2025-02-19T08:35:12.789+0000] {standard_task_runner.py:104} INFO - Running: ['***', 'tasks', 'run', 'etl_pipeline_with_tasks', 'load_to_s3', 'manual__2025-02-19T08:34:52.481635+00:00', '--job-id', '33', '--raw', '--subdir', 'DAGS_FOLDER/etl_pipeline.py', '--cfg-path', '/tmp/tmpzheeo2uh']
[2025-02-19T08:35:12.794+0000] {standard_task_runner.py:105} INFO - Job 33: Subtask load_to_s3
[2025-02-19T08:35:12.797+0000] {logging_mixin.py:190} WARNING - /home/***/.local/lib/python3.12/site-packages/***/task/task_runner/standard_task_runner.py:70 DeprecationWarning: This process (pid=3151) is multi-threaded, use of fork() may lead to deadlocks in the child.
[2025-02-19T08:35:12.799+0000] {standard_task_runner.py:72} INFO - Started process 3155 to run task
[2025-02-19T08:35:12.870+0000] {task_command.py:467} INFO - Running <TaskInstance: etl_pipeline_with_tasks.load_to_s3 manual__2025-02-19T08:34:52.481635+00:00 [running]> on host 27a564c12979
[2025-02-19T08:35:13.270+0000] {taskinstance.py:3134} INFO - Exporting env vars: AIRFLOW_CTX_DAG_OWNER='***' AIRFLOW_CTX_DAG_ID='etl_pipeline_with_tasks' AIRFLOW_CTX_TASK_ID='load_to_s3' AIRFLOW_CTX_EXECUTION_DATE='2025-02-19T08:34:52.481635+00:00' AIRFLOW_CTX_TRY_NUMBER='1' AIRFLOW_CTX_DAG_RUN_ID='manual__2025-02-19T08:34:52.481635+00:00'
[2025-02-19T08:35:13.273+0000] {taskinstance.py:732} INFO - ::endgroup::
[2025-02-19T08:35:13.319+0000] {logging_mixin.py:190} WARNING - /opt/***/dags/etl_pipeline.py:82 FutureWarning: Passing literal json to 'read_json' is deprecated and will be removed in a future version. To read from a literal string, wrap it in a 'StringIO' object.
[2025-02-19T08:35:16.324+0000] {load_s3.py:36} INFO - DataFrame successfully uploaded to s3://datafueler-bucket/Processed_Data/fuel_consumption_data.csv
[2025-02-19T08:35:16.331+0000] {python.py:240} INFO - Done. Returned value was: None
[2025-02-19T08:35:16.343+0000] {taskinstance.py:341} INFO - ::group::Post task execution logs
[2025-02-19T08:35:16.344+0000] {taskinstance.py:353} INFO - Marking task as SUCCESS. dag_id=etl_pipeline_with_tasks, task_id=load_to_s3, run_id=manual__2025-02-19T08:34:52.481635+00:00, execution_date=20250219T083452, start_date=20250219T083512, end_date=20250219T083516
[2025-02-19T08:35:16.394+0000] {local_task_job_runner.py:266} INFO - Task exited with return code 0
[2025-02-19T08:35:16.415+0000] {taskinstance.py:3901} INFO - 0 downstream tasks scheduled from follow-on schedule check
[2025-02-19T08:35:16.417+0000] {local_task_job_runner.py:245} INFO - ::endgroup::
